Drill report for /home/bjohan/git_wd/CorboLight/sch/sch.kicad_pcb
Created on sön  4 sep 2016 11:25:58

Copper Layer Stackup:
    =============================================================
    L1 :  F.Cu                      front
    L2 :  B.Cu                      back


Drill file 'sch.drl' contains
    plated through holes:
    =============================================================
    T1  0,40mm  0,016"  (476 holes)
    T2  0,60mm  0,024"  (6 holes)
    T3  0,80mm  0,031"  (4 holes)
    T4  1,00mm  0,039"  (14 holes)
    T5  1,02mm  0,040"  (40 holes)
    T6  1,14mm  0,045"  (3 holes)
    T7  1,27mm  0,050"  (1 hole)
    T8  1,52mm  0,060"  (6 holes)

    Total plated holes count 550


Drill file 'sch-NPTH.drl' contains
    unplated through holes:
    =============================================================

    Total unplated holes count 0
